<?xml version="1.0" encoding="UTF-8"?>
<!-- Generated by org.testng.reporters.JUnitXMLReporter -->
<testsuite ignored="0" hostname="GSrilekha" failures="1" tests="2" name="Test" time="10.893" errors="0" timestamp="2025-02-20T17:21:33 IST">
  <testcase classname="TestCases.AccountRegistrationTest" name="testingAccReg" time="2.223">
    <failure type="java.lang.AssertionError" message="expected [true] but found [false]">
      <![CDATA[java.lang.AssertionError: expected [true] but found [false]
at TestCases.AccountRegistrationTest.testingAccReg(AccountRegistrationTest.java:48)
at java.base/java.util.ArrayList.forEach(ArrayList.java:1597)
... Removed 29 stack frames]]>
    </failure>
  </testcase> <!-- testingAccReg -->
  <testcase classname="TestCases.AccountLoginTest" name="logintest" time="1.912"/>
</testsuite> <!-- Test -->
