<?xml version="1.0" encoding="UTF-8"?>
<testng-results ignored="0" total="2" passed="1" failed="1" skipped="0">
  <reporter-output>
  </reporter-output>
  <suite started-at="2025-02-20T17:21:21 IST" name="Suite" finished-at="2025-02-20T17:21:32 IST" duration-ms="10893">
    <groups>
      <group name="regression">
        <method signature="AccountRegistrationTest.testingAccReg()[pri:0, instance:TestCases.AccountRegistrationTest@5674e1f2]" name="testingAccReg" class="TestCases.AccountRegistrationTest"/>
      </group> <!-- regression -->
      <group name="sanity">
        <method signature="AccountLoginTest.logintest()[pri:0, instance:TestCases.AccountLoginTest@e8df99a]" name="logintest" class="TestCases.AccountLoginTest"/>
      </group> <!-- sanity -->
      <group name="master">
        <method signature="AccountLoginTest.logintest()[pri:0, instance:TestCases.AccountLoginTest@e8df99a]" name="logintest" class="TestCases.AccountLoginTest"/>
        <method signature="AccountRegistrationTest.testingAccReg()[pri:0, instance:TestCases.AccountRegistrationTest@5674e1f2]" name="testingAccReg" class="TestCases.AccountRegistrationTest"/>
      </group> <!-- master -->
    </groups>
    <test started-at="2025-02-20T17:21:21 IST" name="Test" finished-at="2025-02-20T17:21:32 IST" duration-ms="10893">
      <class name="TestCases.AccountLoginTest">
        <test-method is-config="true" signature="setup(java.lang.String,java.lang.String)[pri:0, instance:TestCases.AccountLoginTest@e8df99a]" started-at="2025-02-20T17:21:27 IST" name="setup" finished-at="2025-02-20T17:21:30 IST" duration-ms="2406" status="PASS">
          <params>
            <param index="0">
              <value>
                <![CDATA[windows]]>
              </value>
            </param>
            <param index="1">
              <value>
                <![CDATA[chrome]]>
              </value>
            </param>
          </params>
          <reporter-output>
          </reporter-output>
        </test-method> <!-- setup -->
        <test-method signature="logintest()[pri:0, instance:TestCases.AccountLoginTest@e8df99a]" started-at="2025-02-20T17:21:30 IST" name="logintest" finished-at="2025-02-20T17:21:31 IST" duration-ms="1912" status="PASS">
          <reporter-output>
          </reporter-output>
        </test-method> <!-- logintest -->
        <test-method is-config="true" signature="close()[pri:0, instance:TestCases.AccountLoginTest@e8df99a]" started-at="2025-02-20T17:21:31 IST" name="close" finished-at="2025-02-20T17:21:32 IST" duration-ms="271" status="PASS">
          <reporter-output>
          </reporter-output>
        </test-method> <!-- close -->
      </class> <!-- TestCases.AccountLoginTest -->
      <class name="TestCases.AccountRegistrationTest">
        <test-method is-config="true" signature="setup(java.lang.String,java.lang.String)[pri:0, instance:TestCases.AccountRegistrationTest@5674e1f2]" started-at="2025-02-20T17:21:21 IST" name="setup" finished-at="2025-02-20T17:21:25 IST" duration-ms="3416" status="PASS">
          <params>
            <param index="0">
              <value>
                <![CDATA[windows]]>
              </value>
            </param>
            <param index="1">
              <value>
                <![CDATA[chrome]]>
              </value>
            </param>
          </params>
          <reporter-output>
          </reporter-output>
        </test-method> <!-- setup -->
        <test-method signature="testingAccReg()[pri:0, instance:TestCases.AccountRegistrationTest@5674e1f2]" started-at="2025-02-20T17:21:25 IST" name="testingAccReg" finished-at="2025-02-20T17:21:27 IST" duration-ms="2223" status="FAIL">
          <exception class="java.lang.AssertionError">
            <message>
              <![CDATA[expected [true] but found [false]]]>
            </message>
            <full-stacktrace>
              <![CDATA[java.lang.AssertionError: expected [true] but found [false]
at org.testng.Assert.fail(Assert.java:111)
at org.testng.Assert.failNotEquals(Assert.java:1590)
at org.testng.Assert.assertTrue(Assert.java:57)
at org.testng.Assert.assertTrue(Assert.java:67)
at TestCases.AccountRegistrationTest.testingAccReg(AccountRegistrationTest.java:48)
at java.base/jdk.internal.reflect.DirectMethodHandleAccessor.invoke(DirectMethodHandleAccessor.java:103)
at java.base/java.lang.reflect.Method.invoke(Method.java:580)
at org.testng.internal.invokers.MethodInvocationHelper.invokeMethod(MethodInvocationHelper.java:141)
at org.testng.internal.invokers.TestInvoker.invokeMethod(TestInvoker.java:687)
at org.testng.internal.invokers.TestInvoker.invokeTestMethod(TestInvoker.java:230)
at org.testng.internal.invokers.MethodRunner.runInSequence(MethodRunner.java:63)
at org.testng.internal.invokers.TestInvoker$MethodInvocationAgent.invoke(TestInvoker.java:995)
at org.testng.internal.invokers.TestInvoker.invokeTestMethods(TestInvoker.java:203)
at org.testng.internal.invokers.TestMethodWorker.invokeTestMethods(TestMethodWorker.java:154)
at org.testng.internal.invokers.TestMethodWorker.run(TestMethodWorker.java:134)
at java.base/java.util.ArrayList.forEach(ArrayList.java:1597)
at org.testng.TestRunner.privateRun(TestRunner.java:741)
at org.testng.TestRunner.run(TestRunner.java:616)
at org.testng.SuiteRunner.runTest(SuiteRunner.java:421)
at org.testng.SuiteRunner.runSequentially(SuiteRunner.java:413)
at org.testng.SuiteRunner.privateRun(SuiteRunner.java:373)
at org.testng.SuiteRunner.run(SuiteRunner.java:312)
at org.testng.SuiteRunnerWorker.runSuite(SuiteRunnerWorker.java:52)
at org.testng.SuiteRunnerWorker.run(SuiteRunnerWorker.java:95)
at org.testng.TestNG.runSuitesSequentially(TestNG.java:1274)
at org.testng.TestNG.runSuitesLocally(TestNG.java:1208)
at org.testng.TestNG.runSuites(TestNG.java:1112)
at org.testng.TestNG.run(TestNG.java:1079)
at org.testng.remote.AbstractRemoteTestNG.run(AbstractRemoteTestNG.java:115)
at org.testng.remote.RemoteTestNG.initAndRun(RemoteTestNG.java:293)
at org.testng.remote.RemoteTestNG.main(RemoteTestNG.java:91)
]]>
            </full-stacktrace>
          </exception> <!-- java.lang.AssertionError -->
          <reporter-output>
          </reporter-output>
        </test-method> <!-- testingAccReg -->
        <test-method is-config="true" signature="close()[pri:0, instance:TestCases.AccountRegistrationTest@5674e1f2]" started-at="2025-02-20T17:21:27 IST" name="close" finished-at="2025-02-20T17:21:27 IST" duration-ms="213" status="PASS">
          <reporter-output>
          </reporter-output>
        </test-method> <!-- close -->
      </class> <!-- TestCases.AccountRegistrationTest -->
    </test> <!-- Test -->
  </suite> <!-- Suite -->
</testng-results>
